<?xml version="1.0" encoding="UTF-8"?>
<!-- Generated by org.testng.reporters.JUnitReportReporter -->
<testsuite skipped="0" hostname="RAVKUMAR5" name="com.hpi.TestScripts.VerifyCreateDirectCase" tests="1" failures="0" timestamp="26 Nov 2018 11:05:46 GMT" time="271.221" errors="0">
  <testcase name="verifyCaseCreation_Indirect" time="271.221" classname="com.hpi.TestScripts.VerifyCreateDirectCase"/>
</testsuite> <!-- com.hpi.TestScripts.VerifyCreateDirectCase -->
