<?xml version="1.0" encoding="UTF-8"?>
<!-- Generated by org.testng.reporters.JUnitReportReporter -->
<testsuite skipped="0" hostname="RAVKUMAR5" name="com.hpi.TestScripts.Verify_ServiceCenter_Automation_Flow" tests="1" failures="0" timestamp="26 Dec 2018 12:08:02 GMT" time="139.163" errors="0">
  <testcase name="verifyServiceCenterFlow_Indirect" time="139.163" classname="com.hpi.TestScripts.Verify_ServiceCenter_Automation_Flow"/>
</testsuite> <!-- com.hpi.TestScripts.Verify_ServiceCenter_Automation_Flow -->
