<?xml version="1.0" encoding="UTF-8"?>
<!-- Generated by org.testng.reporters.JUnitReportReporter -->
<testsuite skipped="0" hostname="RAVKUMAR5" name="com.hpi.TestScripts.Verify_ServiceCenter_AutomationFlow" tests="11" failures="1" timestamp="20 Jun 2019 05:29:45 GMT" time="2039.268" errors="0">
  <testcase name="verifyServiceCenterAutomationFlow_DirectFlow" time="121.105" classname="com.hpi.TestScripts.Verify_ServiceCenter_AutomationFlow">
    <failure type="java.lang.AssertionError" message="Unable to create a Direct Case">
      <![CDATA[java.lang.AssertionError: Unable to create a Direct Case
at org.testng.Assert.fail(Assert.java:96)
at com.hpi.PageActions.PageElements_Methods.createCaseWith_MultipleAttachments(PageElements_Methods.java:753)
at com.hpi.TestScripts.Verify_ServiceCenter_AutomationFlow.verifyServiceCenterAutomationFlow_DirectFlow(Verify_ServiceCenter_AutomationFlow.java:81)
at sun.reflect.NativeMethodAccessorImpl.invoke0(Native Method)
at sun.reflect.NativeMethodAccessorImpl.invoke(NativeMethodAccessorImpl.java:62)
at sun.reflect.DelegatingMethodAccessorImpl.invoke(DelegatingMethodAccessorImpl.java:43)
at java.lang.reflect.Method.invoke(Method.java:498)
at org.testng.internal.MethodInvocationHelper.invokeMethod(MethodInvocationHelper.java:124)
at org.testng.internal.Invoker.invokeMethod(Invoker.java:580)
at org.testng.internal.Invoker.invokeTestMethod(Invoker.java:716)
at org.testng.internal.Invoker.invokeTestMethods(Invoker.java:988)
at org.testng.internal.TestMethodWorker.invokeTestMethods(TestMethodWorker.java:125)
at org.testng.internal.TestMethodWorker.run(TestMethodWorker.java:109)
at org.testng.TestRunner.privateRun(TestRunner.java:648)
at org.testng.TestRunner.run(TestRunner.java:505)
at org.testng.SuiteRunner.runTest(SuiteRunner.java:455)
at org.testng.SuiteRunner.runSequentially(SuiteRunner.java:450)
at org.testng.SuiteRunner.privateRun(SuiteRunner.java:415)
at org.testng.SuiteRunner.run(SuiteRunner.java:364)
at org.testng.SuiteRunnerWorker.runSuite(SuiteRunnerWorker.java:52)
at org.testng.SuiteRunnerWorker.run(SuiteRunnerWorker.java:84)
at org.testng.TestNG.runSuitesSequentially(TestNG.java:1208)
at org.testng.TestNG.runSuitesLocally(TestNG.java:1137)
at org.testng.TestNG.runSuites(TestNG.java:1049)
at org.testng.TestNG.run(TestNG.java:1017)
at org.testng.remote.AbstractRemoteTestNG.run(AbstractRemoteTestNG.java:114)
at org.testng.remote.RemoteTestNG.initAndRun(RemoteTestNG.java:251)
at org.testng.remote.RemoteTestNG.main(RemoteTestNG.java:77)
]]>
    </failure>
  </testcase> <!-- verifyServiceCenterAutomationFlow_DirectFlow -->
  <testcase name="verifyServiceCenterAutomationFlow_InDirectFlow" time="158.229" classname="com.hpi.TestScripts.Verify_ServiceCenter_AutomationFlow"/>
  <testcase name="verifyServiceCenter_CreateCaseWith_3MBAttachment_Direct" time="92.067" classname="com.hpi.TestScripts.Verify_ServiceCenter_AutomationFlow"/>
  <testcase name="verifyServiceCenter_CreateCaseWith_3MB_Attachment_InDirect" time="91.815" classname="com.hpi.TestScripts.Verify_ServiceCenter_AutomationFlow"/>
  <testcase name="verifyServiceCenter_CreateCaseWith_jpegAttachment_Direct" time="304.026" classname="com.hpi.TestScripts.Verify_ServiceCenter_AutomationFlow"/>
  <testcase name="verifyServiceCenter_CreateCaseWith_jpegAttachment_InDirect" time="109.004" classname="com.hpi.TestScripts.Verify_ServiceCenter_AutomationFlow"/>
  <testcase name="verifyServiceCenter_CreateCaseWith_pdfAttachment_InDirect" time="136.834" classname="com.hpi.TestScripts.Verify_ServiceCenter_AutomationFlow"/>
  <testcase name="verifyServiceCenter_CreateCaseWith_textAttachment_Direct" time="357.084" classname="com.hpi.TestScripts.Verify_ServiceCenter_AutomationFlow"/>
  <testcase name="verifyServiceCenter_CreateCaseWith_textAttachment_InDirect" time="114.846" classname="com.hpi.TestScripts.Verify_ServiceCenter_AutomationFlow"/>
  <testcase name="verifyServiceCenter_CaseNotesTextLimitation_Direct" time="399.439" classname="com.hpi.TestScripts.Verify_ServiceCenter_AutomationFlow"/>
  <testcase name="verifyServiceCenter_CaseNotesTextLimitation_InDirect" time="154.819" classname="com.hpi.TestScripts.Verify_ServiceCenter_AutomationFlow"/>
</testsuite> <!-- com.hpi.TestScripts.Verify_ServiceCenter_AutomationFlow -->
